::1 - - [01/Jun/2015:09:25:16 +0200] "GET / HTTP/1.1" 200 22054
::1 - - [01/Jun/2015:09:25:20 +0200] "GET /index.php?page=eventdetail&id=2 HTTP/1.1" 301 -
::1 - - [01/Jun/2015:09:25:21 +0200] "GET /?page=eventdetail&id=2 HTTP/1.1" 200 20462
::1 - - [01/Jun/2015:09:25:21 +0200] "GET /css/layout.css HTTP/1.1" 404 212
::1 - - [01/Jun/2015:09:25:21 +0200] "GET /wp-content/themes/mokka-child/img/2.jpg HTTP/1.1" 200 7186
::1 - - [01/Jun/2015:09:25:26 +0200] "GET /?page=articles HTTP/1.1" 200 18232
::1 - - [01/Jun/2015:09:25:16 +0200] "POST /wp-cron.php?doing_wp_cron=1433143516.5389928817749023437500 HTTP/1.0" 200 -
::1 - - [01/Jun/2015:09:30:27 +0200] "GET /?page=articles HTTP/1.1" 200 18232
::1 - - [01/Jun/2015:09:30:27 +0200] "GET /wp-content/plugins/bootstrap-shortcodes/css/bootstrap.css?ver=4.2.2 HTTP/1.1" 304 -
::1 - - [01/Jun/2015:09:30:27 +0200] "GET /wp-includes/js/wp-emoji-release.min.js?ver=4.2.2 HTTP/1.1" 304 -
::1 - - [01/Jun/2015:09:30:27 +0200] "GET /wp-content/plugins/bootstrap-shortcodes/css/shortcodes.css?ver=4.2.2 HTTP/1.1" 304 -
::1 - - [01/Jun/2015:09:30:27 +0200] "GET /wp-content/plugins/contact-form-7/includes/css/styles.css?ver=4.1.2 HTTP/1.1" 304 -
::1 - - [01/Jun/2015:09:30:27 +0200] "GET /wp-content/plugins/i-recommend-this/css/dot-irecommendthis.css?ver=4.2.2 HTTP/1.1" 304 -
::1 - - [01/Jun/2015:09:30:27 +0200] "GET /wp-content/plugins/zilla-likes/styles/zilla-likes.css?ver=4.2.2 HTTP/1.1" 304 -
::1 - - [01/Jun/2015:09:30:27 +0200] "GET /wp-content/themes/mokka/css/bootstrap.min.css?ver=1 HTTP/1.1" 304 -
::1 - - [01/Jun/2015:09:30:27 +0200] "GET /wp-content/themes/mokka/css/font-awesome.min.css?ver=1 HTTP/1.1" 304 -
::1 - - [01/Jun/2015:09:30:27 +0200] "GET /wp-content/themes/mokka/css/icons.css?ver=1 HTTP/1.1" 304 -
::1 - - [01/Jun/2015:09:30:27 +0200] "GET /wp-content/themes/mokka/css/justifiedGallery.min.css?ver=3.2.0 HTTP/1.1" 304 -
::1 - - [01/Jun/2015:09:30:27 +0200] "GET /wp-content/themes/mokka/css/slide_menu.css?ver=1 HTTP/1.1" 304 -
::1 - - [01/Jun/2015:09:30:27 +0200] "GET /wp-content/themes/mokka/css/ilightbox.css?ver=1 HTTP/1.1" 304 -
::1 - - [01/Jun/2015:09:30:27 +0200] "GET /wp-content/themes/mokka/css/headhesive.css?ver=1 HTTP/1.1" 304 -
::1 - - [01/Jun/2015:09:30:27 +0200] "GET /wp-content/themes/mokka/css/owl.carousel.css?ver=1.3.3 HTTP/1.1" 304 -
::1 - - [01/Jun/2015:09:30:27 +0200] "GET /wp-content/themes/mokka-child/style.css?ver=1 HTTP/1.1" 304 -
::1 - - [01/Jun/2015:09:30:27 +0200] "GET /wp-content/themes/mokka/css/media-queries.css?ver=1 HTTP/1.1" 304 -
::1 - - [01/Jun/2015:09:30:27 +0200] "GET /wp-includes/js/jquery/jquery.js?ver=1.11.2 HTTP/1.1" 304 -
::1 - - [01/Jun/2015:09:30:27 +0200] "GET /wp-content/plugins/bootstrap-shortcodes/js/bootstrap.js?ver=4.2.2 HTTP/1.1" 304 -
::1 - - [01/Jun/2015:09:30:27 +0200] "GET /wp-includes/js/jquery/jquery-migrate.min.js?ver=1.2.1 HTTP/1.1" 304 -
::1 - - [01/Jun/2015:09:30:27 +0200] "GET /wp-content/plugins/bootstrap-shortcodes/js/init.js?ver=4.2.2 HTTP/1.1" 304 -
::1 - - [01/Jun/2015:09:30:27 +0200] "GET /wp-content/plugins/zilla-likes/scripts/zilla-likes.js?ver=4.2.2 HTTP/1.1" 304 -
::1 - - [01/Jun/2015:09:30:27 +0200] "GET /wp-content/plugins/contact-form-7/includes/js/jquery.form.min.js?ver=3.51.0-2014.06.20 HTTP/1.1" 304 -
::1 - - [01/Jun/2015:09:30:27 +0200] "GET /wp-content/plugins/contact-form-7/includes/js/scripts.js?ver=4.1.2 HTTP/1.1" 304 -
::1 - - [01/Jun/2015:09:30:27 +0200] "GET /wp-content/plugins/i-recommend-this/js/dot_irecommendthis.js?ver=2.6.0 HTTP/1.1" 304 -
::1 - - [01/Jun/2015:09:30:27 +0200] "GET /wp-content/themes/mokka/js/bootstrap.min.js?ver=1 HTTP/1.1" 304 -
::1 - - [01/Jun/2015:09:30:27 +0200] "GET /wp-content/themes/mokka/js/jquery.mousewheel.min.js?ver=3.0.6 HTTP/1.1" 304 -
::1 - - [01/Jun/2015:09:30:27 +0200] "GET /wp-content/themes/mokka/js//jquery.touchSwipe.min.js?ver=1.3.3 HTTP/1.1" 304 -
::1 - - [01/Jun/2015:09:30:27 +0200] "GET /wp-content/themes/mokka/js/jquery.transit.min.js?ver=1 HTTP/1.1" 304 -
::1 - - [01/Jun/2015:09:30:27 +0200] "GET /wp-content/themes/mokka/js/jquery.ba-throttle-debounce.min.js?ver=1.1 HTTP/1.1" 304 -
::1 - - [01/Jun/2015:09:30:27 +0200] "GET /wp-content/themes/mokka/js/masonry.pkgd.min.js?ver=1 HTTP/1.1" 304 -
::1 - - [01/Jun/2015:09:30:27 +0200] "GET /wp-content/themes/mokka/js/imagesloaded.js?ver=1 HTTP/1.1" 304 -
::1 - - [01/Jun/2015:09:30:27 +0200] "GET /wp-content/themes/mokka/js/ilightbox.packed.js?ver=1 HTTP/1.1" 304 -
::1 - - [01/Jun/2015:09:30:27 +0200] "GET /wp-content/themes/mokka/js/plugins.js?ver=1 HTTP/1.1" 304 -
::1 - - [01/Jun/2015:09:30:27 +0200] "GET /wp-content/themes/mokka/js/owl.carousel.min.js?ver=1 HTTP/1.1" 304 -
::1 - - [01/Jun/2015:09:30:27 +0200] "GET /wp-content/themes/mokka/js/headhesive.min.js?ver=1 HTTP/1.1" 304 -
::1 - - [01/Jun/2015:09:30:27 +0200] "GET /wp-content/themes/mokka/js/custom.js?ver=1 HTTP/1.1" 304 -
::1 - - [01/Jun/2015:09:30:27 +0200] "GET /wp-content/themes/mokka/images/logo.png HTTP/1.1" 304 -
::1 - - [01/Jun/2015:09:30:27 +0200] "GET /wp-content/themes/mokka/ilightbox/dark-skin/skin.css HTTP/1.1" 304 -
::1 - - [01/Jun/2015:09:30:27 +0200] "GET /wp-content/themes/mokka/style.css HTTP/1.1" 304 -
::1 - - [01/Jun/2015:09:30:29 +0200] "GET /?page=projects HTTP/1.1" 200 21439
::1 - - [01/Jun/2015:09:30:30 +0200] "GET /js/index.js HTTP/1.1" 404 209
::1 - - [01/Jun/2015:09:30:30 +0200] "GET /css/layout.css HTTP/1.1" 404 212
::1 - - [01/Jun/2015:09:30:32 +0200] "GET /?page=articles HTTP/1.1" 200 18232
::1 - - [01/Jun/2015:09:30:51 +0200] "GET /wp-content/plugins/bootstrap-shortcodes/css/bootstrap.css?ver=4.2.2 HTTP/1.1" 304 -
::1 - - [01/Jun/2015:09:30:51 +0200] "GET /wp-content/plugins/bootstrap-shortcodes/css/shortcodes.css?ver=4.2.2 HTTP/1.1" 304 -
::1 - - [01/Jun/2015:09:30:51 +0200] "GET /wp-content/plugins/contact-form-7/includes/css/styles.css?ver=4.1.2 HTTP/1.1" 304 -
::1 - - [01/Jun/2015:09:30:51 +0200] "GET /wp-content/plugins/i-recommend-this/css/dot-irecommendthis.css?ver=4.2.2 HTTP/1.1" 304 -
::1 - - [01/Jun/2015:09:30:51 +0200] "GET /wp-content/plugins/zilla-likes/styles/zilla-likes.css?ver=4.2.2 HTTP/1.1" 304 -
::1 - - [01/Jun/2015:09:30:51 +0200] "GET /wp-content/themes/mokka/css/bootstrap.min.css?ver=1 HTTP/1.1" 304 -
::1 - - [01/Jun/2015:09:30:51 +0200] "GET /wp-content/themes/mokka/css/font-awesome.min.css?ver=1 HTTP/1.1" 304 -
::1 - - [01/Jun/2015:09:30:51 +0200] "GET /?page=articles HTTP/1.1" 200 15829
::1 - - [01/Jun/2015:09:30:51 +0200] "GET /wp-content/themes/mokka/css/icons.css?ver=1 HTTP/1.1" 304 -
::1 - - [01/Jun/2015:09:30:51 +0200] "GET /wp-content/themes/mokka/css/justifiedGallery.min.css?ver=3.2.0 HTTP/1.1" 304 -
::1 - - [01/Jun/2015:09:30:51 +0200] "GET /wp-content/themes/mokka/css/slide_menu.css?ver=1 HTTP/1.1" 304 -
::1 - - [01/Jun/2015:09:30:51 +0200] "GET /wp-content/themes/mokka/css/ilightbox.css?ver=1 HTTP/1.1" 304 -
::1 - - [01/Jun/2015:09:30:51 +0200] "GET /wp-content/themes/mokka/css/headhesive.css?ver=1 HTTP/1.1" 304 -
::1 - - [01/Jun/2015:09:30:51 +0200] "GET /wp-content/themes/mokka/css/owl.carousel.css?ver=1.3.3 HTTP/1.1" 304 -
::1 - - [01/Jun/2015:09:30:51 +0200] "GET /wp-content/themes/mokka-child/style.css?ver=1 HTTP/1.1" 304 -
::1 - - [01/Jun/2015:09:30:51 +0200] "GET /wp-content/themes/mokka/css/media-queries.css?ver=1 HTTP/1.1" 304 -
::1 - - [01/Jun/2015:09:30:51 +0200] "GET /wp-includes/js/jquery/jquery.js?ver=1.11.2 HTTP/1.1" 304 -
::1 - - [01/Jun/2015:09:30:51 +0200] "GET /wp-includes/js/jquery/jquery-migrate.min.js?ver=1.2.1 HTTP/1.1" 304 -
::1 - - [01/Jun/2015:09:30:51 +0200] "GET /wp-content/plugins/bootstrap-shortcodes/js/bootstrap.js?ver=4.2.2 HTTP/1.1" 304 -
::1 - - [01/Jun/2015:09:30:51 +0200] "GET /wp-content/plugins/bootstrap-shortcodes/js/init.js?ver=4.2.2 HTTP/1.1" 304 -
::1 - - [01/Jun/2015:09:30:51 +0200] "GET /wp-content/plugins/zilla-likes/scripts/zilla-likes.js?ver=4.2.2 HTTP/1.1" 304 -
::1 - - [01/Jun/2015:09:30:51 +0200] "GET /wp-includes/js/wp-emoji-release.min.js?ver=4.2.2 HTTP/1.1" 304 -
::1 - - [01/Jun/2015:09:30:51 +0200] "GET /wp-content/themes/mokka/images/logo.png HTTP/1.1" 304 -
::1 - - [01/Jun/2015:09:30:51 +0200] "GET /wp-content/themes/mokka/style.css HTTP/1.1" 304 -
::1 - - [01/Jun/2015:09:30:51 +0200] "GET /wp-content/themes/mokka/ilightbox/dark-skin/skin.css HTTP/1.1" 304 -
::1 - - [01/Jun/2015:09:31:17 +0200] "GET /?page=articles HTTP/1.1" 200 15829
::1 - - [01/Jun/2015:09:31:17 +0200] "GET /wp-content/plugins/bootstrap-shortcodes/css/bootstrap.css?ver=4.2.2 HTTP/1.1" 304 -
::1 - - [01/Jun/2015:09:31:17 +0200] "GET /wp-content/plugins/contact-form-7/includes/css/styles.css?ver=4.1.2 HTTP/1.1" 304 -
::1 - - [01/Jun/2015:09:31:17 +0200] "GET /wp-content/plugins/bootstrap-shortcodes/css/shortcodes.css?ver=4.2.2 HTTP/1.1" 304 -
::1 - - [01/Jun/2015:09:31:17 +0200] "GET /wp-content/plugins/i-recommend-this/css/dot-irecommendthis.css?ver=4.2.2 HTTP/1.1" 304 -
::1 - - [01/Jun/2015:09:31:17 +0200] "GET /wp-content/plugins/zilla-likes/styles/zilla-likes.css?ver=4.2.2 HTTP/1.1" 304 -
::1 - - [01/Jun/2015:09:31:17 +0200] "GET /wp-content/themes/mokka/css/bootstrap.min.css?ver=1 HTTP/1.1" 304 -
::1 - - [01/Jun/2015:09:31:17 +0200] "GET /wp-content/themes/mokka/css/font-awesome.min.css?ver=1 HTTP/1.1" 304 -
::1 - - [01/Jun/2015:09:31:17 +0200] "GET /wp-content/themes/mokka/css/icons.css?ver=1 HTTP/1.1" 304 -
::1 - - [01/Jun/2015:09:31:17 +0200] "GET /wp-content/themes/mokka/css/justifiedGallery.min.css?ver=3.2.0 HTTP/1.1" 304 -
::1 - - [01/Jun/2015:09:31:17 +0200] "GET /wp-content/themes/mokka/css/slide_menu.css?ver=1 HTTP/1.1" 304 -
::1 - - [01/Jun/2015:09:31:17 +0200] "GET /wp-content/themes/mokka/css/ilightbox.css?ver=1 HTTP/1.1" 304 -
::1 - - [01/Jun/2015:09:31:17 +0200] "GET /wp-content/themes/mokka/css/headhesive.css?ver=1 HTTP/1.1" 304 -
::1 - - [01/Jun/2015:09:31:17 +0200] "GET /wp-includes/js/jquery/jquery.js?ver=1.11.2 HTTP/1.1" 304 -
::1 - - [01/Jun/2015:09:31:17 +0200] "GET /wp-content/themes/mokka/css/owl.carousel.css?ver=1.3.3 HTTP/1.1" 304 -
::1 - - [01/Jun/2015:09:31:17 +0200] "GET /wp-content/themes/mokka-child/style.css?ver=1 HTTP/1.1" 304 -
::1 - - [01/Jun/2015:09:31:17 +0200] "GET /wp-content/themes/mokka/css/media-queries.css?ver=1 HTTP/1.1" 304 -
::1 - - [01/Jun/2015:09:31:17 +0200] "GET /wp-includes/js/jquery/jquery-migrate.min.js?ver=1.2.1 HTTP/1.1" 304 -
::1 - - [01/Jun/2015:09:31:17 +0200] "GET /wp-content/plugins/bootstrap-shortcodes/js/init.js?ver=4.2.2 HTTP/1.1" 304 -
::1 - - [01/Jun/2015:09:31:17 +0200] "GET /wp-content/plugins/bootstrap-shortcodes/js/bootstrap.js?ver=4.2.2 HTTP/1.1" 304 -
::1 - - [01/Jun/2015:09:31:17 +0200] "GET /wp-content/plugins/zilla-likes/scripts/zilla-likes.js?ver=4.2.2 HTTP/1.1" 304 -
::1 - - [01/Jun/2015:09:31:17 +0200] "GET /wp-includes/js/wp-emoji-release.min.js?ver=4.2.2 HTTP/1.1" 304 -
::1 - - [01/Jun/2015:09:31:17 +0200] "GET /wp-content/themes/mokka/images/logo.png HTTP/1.1" 304 -
::1 - - [01/Jun/2015:09:31:17 +0200] "GET /wp-content/themes/mokka/ilightbox/dark-skin/skin.css HTTP/1.1" 304 -
::1 - - [01/Jun/2015:09:31:17 +0200] "GET /wp-content/themes/mokka/style.css HTTP/1.1" 304 -
::1 - - [01/Jun/2015:09:31:40 +0200] "GET /?page=articles HTTP/1.1" 200 15829
::1 - - [01/Jun/2015:09:31:40 +0200] "GET /wp-content/plugins/bootstrap-shortcodes/css/bootstrap.css?ver=4.2.2 HTTP/1.1" 304 -
::1 - - [01/Jun/2015:09:31:40 +0200] "GET /wp-content/plugins/bootstrap-shortcodes/css/shortcodes.css?ver=4.2.2 HTTP/1.1" 304 -
::1 - - [01/Jun/2015:09:31:40 +0200] "GET /wp-content/plugins/contact-form-7/includes/css/styles.css?ver=4.1.2 HTTP/1.1" 304 -
::1 - - [01/Jun/2015:09:31:40 +0200] "GET /wp-content/plugins/i-recommend-this/css/dot-irecommendthis.css?ver=4.2.2 HTTP/1.1" 304 -
::1 - - [01/Jun/2015:09:31:40 +0200] "GET /wp-content/plugins/zilla-likes/styles/zilla-likes.css?ver=4.2.2 HTTP/1.1" 304 -
::1 - - [01/Jun/2015:09:31:40 +0200] "GET /wp-content/themes/mokka/css/bootstrap.min.css?ver=1 HTTP/1.1" 304 -
::1 - - [01/Jun/2015:09:31:40 +0200] "GET /wp-content/themes/mokka/css/font-awesome.min.css?ver=1 HTTP/1.1" 304 -
::1 - - [01/Jun/2015:09:31:40 +0200] "GET /wp-content/themes/mokka/css/icons.css?ver=1 HTTP/1.1" 304 -
::1 - - [01/Jun/2015:09:31:40 +0200] "GET /wp-content/themes/mokka/css/justifiedGallery.min.css?ver=3.2.0 HTTP/1.1" 304 -
::1 - - [01/Jun/2015:09:31:40 +0200] "GET /wp-content/themes/mokka/css/slide_menu.css?ver=1 HTTP/1.1" 304 -
::1 - - [01/Jun/2015:09:31:40 +0200] "GET /wp-content/themes/mokka/css/ilightbox.css?ver=1 HTTP/1.1" 304 -
::1 - - [01/Jun/2015:09:31:40 +0200] "GET /wp-content/themes/mokka/css/headhesive.css?ver=1 HTTP/1.1" 304 -
::1 - - [01/Jun/2015:09:31:40 +0200] "GET /wp-content/themes/mokka/css/owl.carousel.css?ver=1.3.3 HTTP/1.1" 304 -
::1 - - [01/Jun/2015:09:31:40 +0200] "GET /wp-content/themes/mokka-child/style.css?ver=1 HTTP/1.1" 304 -
::1 - - [01/Jun/2015:09:31:40 +0200] "GET /wp-content/themes/mokka/css/media-queries.css?ver=1 HTTP/1.1" 304 -
::1 - - [01/Jun/2015:09:31:40 +0200] "GET /wp-includes/js/jquery/jquery.js?ver=1.11.2 HTTP/1.1" 304 -
::1 - - [01/Jun/2015:09:31:40 +0200] "GET /wp-includes/js/jquery/jquery-migrate.min.js?ver=1.2.1 HTTP/1.1" 304 -
::1 - - [01/Jun/2015:09:31:40 +0200] "GET /wp-content/plugins/bootstrap-shortcodes/js/bootstrap.js?ver=4.2.2 HTTP/1.1" 304 -
::1 - - [01/Jun/2015:09:31:40 +0200] "GET /wp-content/plugins/bootstrap-shortcodes/js/init.js?ver=4.2.2 HTTP/1.1" 304 -
::1 - - [01/Jun/2015:09:31:40 +0200] "GET /wp-content/plugins/zilla-likes/scripts/zilla-likes.js?ver=4.2.2 HTTP/1.1" 304 -
::1 - - [01/Jun/2015:09:31:40 +0200] "GET /wp-includes/js/wp-emoji-release.min.js?ver=4.2.2 HTTP/1.1" 304 -
::1 - - [01/Jun/2015:09:31:40 +0200] "GET /wp-content/themes/mokka/images/logo.png HTTP/1.1" 304 -
::1 - - [01/Jun/2015:09:31:40 +0200] "GET /wp-content/themes/mokka/ilightbox/dark-skin/skin.css HTTP/1.1" 304 -
::1 - - [01/Jun/2015:09:31:40 +0200] "GET /wp-content/themes/mokka/style.css HTTP/1.1" 304 -
::1 - - [01/Jun/2015:09:32:07 +0200] "GET /wp-includes/js/wp-emoji-release.min.js?ver=4.2.2 HTTP/1.1" 304 -
::1 - - [01/Jun/2015:09:32:07 +0200] "GET /wp-content/plugins/bootstrap-shortcodes/css/bootstrap.css?ver=4.2.2 HTTP/1.1" 304 -
::1 - - [01/Jun/2015:09:32:07 +0200] "GET /wp-content/plugins/bootstrap-shortcodes/css/shortcodes.css?ver=4.2.2 HTTP/1.1" 304 -
::1 - - [01/Jun/2015:09:32:07 +0200] "GET /wp-content/plugins/contact-form-7/includes/css/styles.css?ver=4.1.2 HTTP/1.1" 304 -
::1 - - [01/Jun/2015:09:32:07 +0200] "GET /wp-content/plugins/i-recommend-this/css/dot-irecommendthis.css?ver=4.2.2 HTTP/1.1" 304 -
::1 - - [01/Jun/2015:09:32:07 +0200] "GET /wp-content/plugins/zilla-likes/styles/zilla-likes.css?ver=4.2.2 HTTP/1.1" 304 -
::1 - - [01/Jun/2015:09:32:07 +0200] "GET /wp-content/themes/mokka/css/bootstrap.min.css?ver=1 HTTP/1.1" 304 -
::1 - - [01/Jun/2015:09:32:07 +0200] "GET /wp-content/themes/mokka/css/icons.css?ver=1 HTTP/1.1" 304 -
::1 - - [01/Jun/2015:09:32:07 +0200] "GET /wp-content/themes/mokka/css/font-awesome.min.css?ver=1 HTTP/1.1" 304 -
::1 - - [01/Jun/2015:09:32:07 +0200] "GET /wp-content/themes/mokka/css/justifiedGallery.min.css?ver=3.2.0 HTTP/1.1" 304 -
::1 - - [01/Jun/2015:09:32:07 +0200] "GET /wp-content/themes/mokka/css/slide_menu.css?ver=1 HTTP/1.1" 304 -
::1 - - [01/Jun/2015:09:32:07 +0200] "GET /wp-content/themes/mokka/css/ilightbox.css?ver=1 HTTP/1.1" 304 -
::1 - - [01/Jun/2015:09:32:07 +0200] "GET /wp-content/themes/mokka/css/headhesive.css?ver=1 HTTP/1.1" 304 -
::1 - - [01/Jun/2015:09:32:07 +0200] "GET /wp-content/themes/mokka/css/owl.carousel.css?ver=1.3.3 HTTP/1.1" 304 -
::1 - - [01/Jun/2015:09:32:07 +0200] "GET /wp-content/themes/mokka-child/style.css?ver=1 HTTP/1.1" 304 -
::1 - - [01/Jun/2015:09:32:07 +0200] "GET /wp-content/themes/mokka/css/media-queries.css?ver=1 HTTP/1.1" 304 -
::1 - - [01/Jun/2015:09:32:07 +0200] "GET /wp-includes/js/jquery/jquery.js?ver=1.11.2 HTTP/1.1" 304 -
::1 - - [01/Jun/2015:09:32:07 +0200] "GET /wp-includes/js/jquery/jquery-migrate.min.js?ver=1.2.1 HTTP/1.1" 304 -
::1 - - [01/Jun/2015:09:32:07 +0200] "GET /wp-content/plugins/bootstrap-shortcodes/js/bootstrap.js?ver=4.2.2 HTTP/1.1" 304 -
::1 - - [01/Jun/2015:09:32:07 +0200] "GET /wp-content/plugins/bootstrap-shortcodes/js/init.js?ver=4.2.2 HTTP/1.1" 304 -
::1 - - [01/Jun/2015:09:32:07 +0200] "GET /wp-content/plugins/zilla-likes/scripts/zilla-likes.js?ver=4.2.2 HTTP/1.1" 304 -
::1 - - [01/Jun/2015:09:32:07 +0200] "GET /wp-content/themes/mokka/ilightbox/dark-skin/skin.css HTTP/1.1" 304 -
::1 - - [01/Jun/2015:09:32:07 +0200] "GET /wp-content/themes/mokka/style.css HTTP/1.1" 304 -
::1 - - [01/Jun/2015:09:32:07 +0200] "GET /?page=articles HTTP/1.1" 200 19293
::1 - - [01/Jun/2015:09:32:07 +0200] "GET /wp-content/themes/mokka/images/logo.png HTTP/1.1" 304 -
::1 - - [01/Jun/2015:09:32:07 +0200] "GET /js/index.js HTTP/1.1" 404 209
::1 - - [01/Jun/2015:09:32:07 +0200] "GET /wp-content/plugins/contact-form-7/includes/js/jquery.form.min.js?ver=3.51.0-2014.06.20 HTTP/1.1" 304 -
::1 - - [01/Jun/2015:09:32:07 +0200] "GET /wp-content/plugins/contact-form-7/includes/js/scripts.js?ver=4.1.2 HTTP/1.1" 304 -
::1 - - [01/Jun/2015:09:32:07 +0200] "GET /wp-content/plugins/i-recommend-this/js/dot_irecommendthis.js?ver=2.6.0 HTTP/1.1" 304 -
::1 - - [01/Jun/2015:09:32:07 +0200] "GET /wp-content/themes/mokka/js/bootstrap.min.js?ver=1 HTTP/1.1" 304 -
::1 - - [01/Jun/2015:09:32:07 +0200] "GET /wp-content/themes/mokka/js/jquery.mousewheel.min.js?ver=3.0.6 HTTP/1.1" 304 -
::1 - - [01/Jun/2015:09:32:07 +0200] "GET /wp-content/themes/mokka/js/jquery.transit.min.js?ver=1 HTTP/1.1" 304 -
::1 - - [01/Jun/2015:09:32:07 +0200] "GET /wp-content/themes/mokka/js//jquery.touchSwipe.min.js?ver=1.3.3 HTTP/1.1" 304 -
::1 - - [01/Jun/2015:09:32:07 +0200] "GET /wp-content/themes/mokka/js/jquery.ba-throttle-debounce.min.js?ver=1.1 HTTP/1.1" 304 -
::1 - - [01/Jun/2015:09:32:07 +0200] "GET /wp-content/themes/mokka/js/masonry.pkgd.min.js?ver=1 HTTP/1.1" 304 -
::1 - - [01/Jun/2015:09:32:07 +0200] "GET /wp-content/themes/mokka/js/imagesloaded.js?ver=1 HTTP/1.1" 304 -
::1 - - [01/Jun/2015:09:32:07 +0200] "GET /wp-content/themes/mokka/js/plugins.js?ver=1 HTTP/1.1" 304 -
::1 - - [01/Jun/2015:09:32:07 +0200] "GET /wp-content/themes/mokka/js/ilightbox.packed.js?ver=1 HTTP/1.1" 304 -
::1 - - [01/Jun/2015:09:32:07 +0200] "GET /wp-content/themes/mokka/js/owl.carousel.min.js?ver=1 HTTP/1.1" 304 -
::1 - - [01/Jun/2015:09:32:07 +0200] "GET /wp-content/themes/mokka/js/headhesive.min.js?ver=1 HTTP/1.1" 304 -
::1 - - [01/Jun/2015:09:32:07 +0200] "GET /wp-content/themes/mokka/js/custom.js?ver=1 HTTP/1.1" 304 -
::1 - - [01/Jun/2015:09:33:10 +0200] "GET /phpmyadmin/ HTTP/1.1" 200 7522
::1 - - [01/Jun/2015:09:33:11 +0200] "GET /phpmyadmin/js/cross_framing_protection.js?ts=1433071132 HTTP/1.1" 304 -
::1 - - [01/Jun/2015:09:33:11 +0200] "GET /phpmyadmin/js/update-location.js?ts=1433071132 HTTP/1.1" 304 -
::1 - - [01/Jun/2015:09:33:11 +0200] "GET /phpmyadmin/js/jquery/jquery-1.4.4.js?ts=1433071132 HTTP/1.1" 304 -
::1 - - [01/Jun/2015:09:33:11 +0200] "GET /phpmyadmin/js/functions.js?ts=1433071132 HTTP/1.1" 304 -
::1 - - [01/Jun/2015:09:33:11 +0200] "GET /phpmyadmin/js/jquery/jquery.qtip-1.0.0.min.js?ts=1433071132 HTTP/1.1" 304 -
::1 - - [01/Jun/2015:09:33:11 +0200] "GET /phpmyadmin/phpmyadmin.css.php?server=1&token=9b4e5d2344ef620db60bc7643256c13b&js_frame=right&nocache=4299213787 HTTP/1.1" 200 43718
::1 - - [01/Jun/2015:09:33:11 +0200] "GET /phpmyadmin/js/messages.php?lang=nl&db=&token=9b4e5d2344ef620db60bc7643256c13b HTTP/1.1" 200 5282
::1 - - [01/Jun/2015:09:33:11 +0200] "GET /phpmyadmin/themes/pmahomme/img/input_bg.gif HTTP/1.1" 304 -
::1 - - [01/Jun/2015:09:33:16 +0200] "POST /phpmyadmin/index.php HTTP/1.1" 302 -
::1 - - [01/Jun/2015:09:33:16 +0200] "GET /phpmyadmin/index.php?token=9b4e5d2344ef620db60bc7643256c13b HTTP/1.1" 200 2680
::1 - - [01/Jun/2015:09:33:16 +0200] "GET /phpmyadmin/js/common.js?ts=1433071132 HTTP/1.1" 304 -
::1 - - [01/Jun/2015:09:33:16 +0200] "GET /phpmyadmin/main.php?token=9b4e5d2344ef620db60bc7643256c13b HTTP/1.1" 200 38925
::1 - - [01/Jun/2015:09:33:17 +0200] "GET /phpmyadmin/js/jquery/jquery-ui-1.8.custom.js?ts=1433071132 HTTP/1.1" 304 -
::1 - - [01/Jun/2015:09:33:17 +0200] "GET /phpmyadmin/js/jquery/jquery.sprintf.js?ts=1433071132 HTTP/1.1" 304 -
::1 - - [01/Jun/2015:09:33:17 +0200] "GET /phpmyadmin/js/config.js?ts=1433071132 HTTP/1.1" 304 -
::1 - - [01/Jun/2015:09:33:16 +0200] "GET /phpmyadmin/navigation.php?token=9b4e5d2344ef620db60bc7643256c13b HTTP/1.1" 200 5268
::1 - - [01/Jun/2015:09:33:17 +0200] "GET /phpmyadmin/phpmyadmin.css.php?server=1&token=9b4e5d2344ef620db60bc7643256c13b&js_frame=right&nocache=5732357783 HTTP/1.1" 200 43718
::1 - - [01/Jun/2015:09:33:17 +0200] "GET /phpmyadmin/js/jquery/jquery-1.4.4.js HTTP/1.1" 304 -
::1 - - [01/Jun/2015:09:33:17 +0200] "GET /phpmyadmin/js/navigation.js HTTP/1.1" 304 -
::1 - - [01/Jun/2015:09:33:17 +0200] "GET /phpmyadmin/js/functions.js HTTP/1.1" 304 -
::1 - - [01/Jun/2015:09:33:17 +0200] "GET /phpmyadmin/phpmyadmin.css.php?token=9b4e5d2344ef620db60bc7643256c13b&js_frame=left&nocache=5732357783 HTTP/1.1" 200 6147
::1 - - [01/Jun/2015:09:33:17 +0200] "GET /phpmyadmin/themes/pmahomme/img/logo_left.png HTTP/1.1" 304 -
::1 - - [01/Jun/2015:09:33:17 +0200] "GET /phpmyadmin/themes/pmahomme/img/s_loggoff.png HTTP/1.1" 304 -
::1 - - [01/Jun/2015:09:33:17 +0200] "GET /phpmyadmin/themes/pmahomme/img/b_selboard.png HTTP/1.1" 304 -
::1 - - [01/Jun/2015:09:33:17 +0200] "GET /phpmyadmin/themes/pmahomme/img/b_home.png HTTP/1.1" 304 -
::1 - - [01/Jun/2015:09:33:17 +0200] "GET /phpmyadmin/themes/pmahomme/img/b_docs.png HTTP/1.1" 304 -
::1 - - [01/Jun/2015:09:33:17 +0200] "GET /phpmyadmin/themes/pmahomme/img/b_sqlhelp.png HTTP/1.1" 304 -
::1 - - [01/Jun/2015:09:33:17 +0200] "GET /phpmyadmin/themes/pmahomme/img/s_reload.png HTTP/1.1" 304 -
::1 - - [01/Jun/2015:09:33:17 +0200] "GET /phpmyadmin/themes/pmahomme/img/left_nav_bg.png HTTP/1.1" 304 -
::1 - - [01/Jun/2015:09:33:19 +0200] "GET /phpmyadmin/index.php?db=groenestraat&token=9b4e5d2344ef620db60bc7643256c13b HTTP/1.1" 200 2740
::1 - - [01/Jun/2015:09:33:19 +0200] "GET /phpmyadmin/navigation.php?token=9b4e5d2344ef620db60bc7643256c13b&db=groenestraat HTTP/1.1" 200 24794
::1 - - [01/Jun/2015:09:33:19 +0200] "GET /phpmyadmin/js/db_structure.js?ts=1433071132 HTTP/1.1" 304 -
::1 - - [01/Jun/2015:09:33:19 +0200] "GET /phpmyadmin/db_structure.php?token=9b4e5d2344ef620db60bc7643256c13b&db=groenestraat HTTP/1.1" 200 122530
::1 - - [01/Jun/2015:09:33:19 +0200] "GET /phpmyadmin/themes/pmahomme/img/b_sbrowse.png HTTP/1.1" 304 -
::1 - - [01/Jun/2015:09:33:19 +0200] "GET /phpmyadmin/themes/pmahomme/img/b_snewtbl.png HTTP/1.1" 304 -
::1 - - [01/Jun/2015:09:33:19 +0200] "GET /phpmyadmin/js/messages.php?lang=nl&db=groenestraat&token=9b4e5d2344ef620db60bc7643256c13b HTTP/1.1" 200 5294
::1 - - [01/Jun/2015:09:33:21 +0200] "GET /phpmyadmin/sql.php?db=groenestraat&token=9b4e5d2344ef620db60bc7643256c13b&goto=db_structure.php&table=tblartikels&pos=0 HTTP/1.1" 200 29376
::1 - - [01/Jun/2015:09:33:21 +0200] "GET /phpmyadmin/js/pMap.js?ts=1433071132 HTTP/1.1" 304 -
::1 - - [01/Jun/2015:09:33:21 +0200] "GET /phpmyadmin/js/sql.js?ts=1433071132 HTTP/1.1" 304 -
::1 - - [01/Jun/2015:09:35:48 +0200] "GET /?page=articles HTTP/1.1" 200 19293
::1 - - [01/Jun/2015:09:35:49 +0200] "GET /wp-content/plugins/bootstrap-shortcodes/css/bootstrap.css?ver=4.2.2 HTTP/1.1" 304 -
::1 - - [01/Jun/2015:09:35:49 +0200] "GET /wp-content/plugins/bootstrap-shortcodes/css/shortcodes.css?ver=4.2.2 HTTP/1.1" 304 -
::1 - - [01/Jun/2015:09:35:49 +0200] "GET /wp-content/plugins/contact-form-7/includes/css/styles.css?ver=4.1.2 HTTP/1.1" 304 -
::1 - - [01/Jun/2015:09:35:49 +0200] "GET /wp-content/plugins/i-recommend-this/css/dot-irecommendthis.css?ver=4.2.2 HTTP/1.1" 304 -
::1 - - [01/Jun/2015:09:35:49 +0200] "GET /wp-content/plugins/zilla-likes/styles/zilla-likes.css?ver=4.2.2 HTTP/1.1" 304 -
::1 - - [01/Jun/2015:09:35:49 +0200] "GET /wp-content/themes/mokka/css/bootstrap.min.css?ver=1 HTTP/1.1" 304 -
::1 - - [01/Jun/2015:09:35:49 +0200] "GET /wp-content/themes/mokka/css/font-awesome.min.css?ver=1 HTTP/1.1" 304 -
::1 - - [01/Jun/2015:09:35:49 +0200] "GET /wp-content/themes/mokka/css/icons.css?ver=1 HTTP/1.1" 304 -
::1 - - [01/Jun/2015:09:35:49 +0200] "GET /wp-content/themes/mokka/css/justifiedGallery.min.css?ver=3.2.0 HTTP/1.1" 304 -
::1 - - [01/Jun/2015:09:35:49 +0200] "GET /wp-content/themes/mokka/css/slide_menu.css?ver=1 HTTP/1.1" 304 -
::1 - - [01/Jun/2015:09:35:49 +0200] "GET /wp-content/themes/mokka/css/ilightbox.css?ver=1 HTTP/1.1" 304 -
::1 - - [01/Jun/2015:09:35:49 +0200] "GET /wp-content/themes/mokka/css/headhesive.css?ver=1 HTTP/1.1" 304 -
::1 - - [01/Jun/2015:09:35:49 +0200] "GET /wp-content/themes/mokka-child/style.css?ver=1 HTTP/1.1" 304 -
::1 - - [01/Jun/2015:09:35:49 +0200] "GET /wp-content/themes/mokka/css/owl.carousel.css?ver=1.3.3 HTTP/1.1" 304 -
::1 - - [01/Jun/2015:09:35:49 +0200] "GET /wp-content/plugins/bootstrap-shortcodes/js/bootstrap.js?ver=4.2.2 HTTP/1.1" 304 -
::1 - - [01/Jun/2015:09:35:49 +0200] "GET /wp-includes/js/jquery/jquery.js?ver=1.11.2 HTTP/1.1" 304 -
::1 - - [01/Jun/2015:09:35:49 +0200] "GET /wp-content/themes/mokka/css/media-queries.css?ver=1 HTTP/1.1" 304 -
::1 - - [01/Jun/2015:09:35:49 +0200] "GET /wp-includes/js/jquery/jquery-migrate.min.js?ver=1.2.1 HTTP/1.1" 304 -
::1 - - [01/Jun/2015:09:35:49 +0200] "GET /wp-content/plugins/bootstrap-shortcodes/js/init.js?ver=4.2.2 HTTP/1.1" 304 -
::1 - - [01/Jun/2015:09:35:49 +0200] "GET /wp-content/plugins/zilla-likes/scripts/zilla-likes.js?ver=4.2.2 HTTP/1.1" 304 -
::1 - - [01/Jun/2015:09:35:49 +0200] "GET /js/index.js HTTP/1.1" 404 209
::1 - - [01/Jun/2015:09:35:49 +0200] "GET /wp-content/plugins/contact-form-7/includes/js/jquery.form.min.js?ver=3.51.0-2014.06.20 HTTP/1.1" 304 -
::1 - - [01/Jun/2015:09:35:49 +0200] "GET /wp-content/plugins/contact-form-7/includes/js/scripts.js?ver=4.1.2 HTTP/1.1" 304 -
::1 - - [01/Jun/2015:09:35:49 +0200] "GET /wp-content/plugins/i-recommend-this/js/dot_irecommendthis.js?ver=2.6.0 HTTP/1.1" 304 -
::1 - - [01/Jun/2015:09:35:49 +0200] "GET /wp-content/themes/mokka/js/bootstrap.min.js?ver=1 HTTP/1.1" 304 -
::1 - - [01/Jun/2015:09:35:49 +0200] "GET /wp-content/themes/mokka/js/jquery.mousewheel.min.js?ver=3.0.6 HTTP/1.1" 304 -
::1 - - [01/Jun/2015:09:35:49 +0200] "GET /wp-content/themes/mokka/js//jquery.touchSwipe.min.js?ver=1.3.3 HTTP/1.1" 304 -
::1 - - [01/Jun/2015:09:35:49 +0200] "GET /wp-content/themes/mokka/js/jquery.transit.min.js?ver=1 HTTP/1.1" 304 -
::1 - - [01/Jun/2015:09:35:49 +0200] "GET /wp-content/themes/mokka/js/jquery.ba-throttle-debounce.min.js?ver=1.1 HTTP/1.1" 304 -
::1 - - [01/Jun/2015:09:35:49 +0200] "GET /wp-content/themes/mokka/js/masonry.pkgd.min.js?ver=1 HTTP/1.1" 304 -
::1 - - [01/Jun/2015:09:35:49 +0200] "GET /wp-content/themes/mokka/js/imagesloaded.js?ver=1 HTTP/1.1" 304 -
::1 - - [01/Jun/2015:09:35:49 +0200] "GET /wp-content/themes/mokka/js/plugins.js?ver=1 HTTP/1.1" 304 -
::1 - - [01/Jun/2015:09:35:49 +0200] "GET /wp-content/themes/mokka/js/ilightbox.packed.js?ver=1 HTTP/1.1" 304 -
::1 - - [01/Jun/2015:09:35:49 +0200] "GET /wp-content/themes/mokka/js/owl.carousel.min.js?ver=1 HTTP/1.1" 304 -
::1 - - [01/Jun/2015:09:35:49 +0200] "GET /wp-content/themes/mokka/js/headhesive.min.js?ver=1 HTTP/1.1" 304 -
::1 - - [01/Jun/2015:09:35:49 +0200] "GET /wp-content/themes/mokka/js/custom.js?ver=1 HTTP/1.1" 304 -
::1 - - [01/Jun/2015:09:35:49 +0200] "GET /wp-includes/js/wp-emoji-release.min.js?ver=4.2.2 HTTP/1.1" 304 -
::1 - - [01/Jun/2015:09:35:49 +0200] "GET /wp-content/themes/mokka/images/logo.png HTTP/1.1" 304 -
::1 - - [01/Jun/2015:09:35:49 +0200] "GET /wp-content/themes/mokka/ilightbox/dark-skin/skin.css HTTP/1.1" 304 -
::1 - - [01/Jun/2015:09:35:49 +0200] "GET /wp-content/themes/mokka/style.css HTTP/1.1" 304 -
::1 - - [01/Jun/2015:09:36:40 +0200] "GET /?page=articles HTTP/1.1" 200 20129
::1 - - [01/Jun/2015:09:36:40 +0200] "GET /wp-includes/js/wp-emoji-release.min.js?ver=4.2.2 HTTP/1.1" 304 -
::1 - - [01/Jun/2015:09:36:40 +0200] "GET /wp-content/plugins/bootstrap-shortcodes/css/bootstrap.css?ver=4.2.2 HTTP/1.1" 304 -
::1 - - [01/Jun/2015:09:36:40 +0200] "GET /wp-content/plugins/bootstrap-shortcodes/css/shortcodes.css?ver=4.2.2 HTTP/1.1" 304 -
::1 - - [01/Jun/2015:09:36:40 +0200] "GET /wp-content/plugins/contact-form-7/includes/css/styles.css?ver=4.1.2 HTTP/1.1" 304 -
::1 - - [01/Jun/2015:09:36:40 +0200] "GET /wp-content/plugins/i-recommend-this/css/dot-irecommendthis.css?ver=4.2.2 HTTP/1.1" 304 -
::1 - - [01/Jun/2015:09:36:40 +0200] "GET /wp-content/plugins/zilla-likes/styles/zilla-likes.css?ver=4.2.2 HTTP/1.1" 304 -
::1 - - [01/Jun/2015:09:36:40 +0200] "GET /wp-content/themes/mokka/css/bootstrap.min.css?ver=1 HTTP/1.1" 304 -
::1 - - [01/Jun/2015:09:36:40 +0200] "GET /wp-content/themes/mokka/css/font-awesome.min.css?ver=1 HTTP/1.1" 304 -
::1 - - [01/Jun/2015:09:36:40 +0200] "GET /wp-content/themes/mokka/css/icons.css?ver=1 HTTP/1.1" 304 -
::1 - - [01/Jun/2015:09:36:40 +0200] "GET /wp-content/themes/mokka/css/justifiedGallery.min.css?ver=3.2.0 HTTP/1.1" 304 -
::1 - - [01/Jun/2015:09:36:40 +0200] "GET /wp-content/themes/mokka/css/ilightbox.css?ver=1 HTTP/1.1" 304 -
::1 - - [01/Jun/2015:09:36:40 +0200] "GET /wp-content/themes/mokka/css/slide_menu.css?ver=1 HTTP/1.1" 304 -
::1 - - [01/Jun/2015:09:36:40 +0200] "GET /wp-content/themes/mokka/css/headhesive.css?ver=1 HTTP/1.1" 304 -
::1 - - [01/Jun/2015:09:36:40 +0200] "GET /wp-content/themes/mokka/css/owl.carousel.css?ver=1.3.3 HTTP/1.1" 304 -
::1 - - [01/Jun/2015:09:36:40 +0200] "GET /wp-content/themes/mokka-child/style.css?ver=1 HTTP/1.1" 304 -
::1 - - [01/Jun/2015:09:36:40 +0200] "GET /wp-content/themes/mokka/css/media-queries.css?ver=1 HTTP/1.1" 304 -
::1 - - [01/Jun/2015:09:36:40 +0200] "GET /wp-includes/js/jquery/jquery.js?ver=1.11.2 HTTP/1.1" 304 -
::1 - - [01/Jun/2015:09:36:40 +0200] "GET /wp-includes/js/jquery/jquery-migrate.min.js?ver=1.2.1 HTTP/1.1" 304 -
::1 - - [01/Jun/2015:09:36:40 +0200] "GET /wp-content/plugins/bootstrap-shortcodes/js/bootstrap.js?ver=4.2.2 HTTP/1.1" 304 -
::1 - - [01/Jun/2015:09:36:40 +0200] "GET /wp-content/plugins/bootstrap-shortcodes/js/init.js?ver=4.2.2 HTTP/1.1" 304 -
::1 - - [01/Jun/2015:09:36:40 +0200] "GET /wp-content/plugins/zilla-likes/scripts/zilla-likes.js?ver=4.2.2 HTTP/1.1" 304 -
::1 - - [01/Jun/2015:09:36:40 +0200] "GET /js/index.js HTTP/1.1" 404 209
::1 - - [01/Jun/2015:09:36:40 +0200] "GET /wp-content/plugins/contact-form-7/includes/js/jquery.form.min.js?ver=3.51.0-2014.06.20 HTTP/1.1" 304 -
::1 - - [01/Jun/2015:09:36:40 +0200] "GET /wp-content/plugins/contact-form-7/includes/js/scripts.js?ver=4.1.2 HTTP/1.1" 304 -
::1 - - [01/Jun/2015:09:36:40 +0200] "GET /wp-content/plugins/i-recommend-this/js/dot_irecommendthis.js?ver=2.6.0 HTTP/1.1" 304 -
::1 - - [01/Jun/2015:09:36:40 +0200] "GET /wp-content/themes/mokka/js/bootstrap.min.js?ver=1 HTTP/1.1" 304 -
::1 - - [01/Jun/2015:09:36:40 +0200] "GET /wp-content/themes/mokka/js/jquery.mousewheel.min.js?ver=3.0.6 HTTP/1.1" 304 -
::1 - - [01/Jun/2015:09:36:40 +0200] "GET /wp-content/themes/mokka/js//jquery.touchSwipe.min.js?ver=1.3.3 HTTP/1.1" 304 -
::1 - - [01/Jun/2015:09:36:40 +0200] "GET /wp-content/themes/mokka/js/jquery.transit.min.js?ver=1 HTTP/1.1" 304 -
::1 - - [01/Jun/2015:09:36:40 +0200] "GET /wp-content/themes/mokka/js/jquery.ba-throttle-debounce.min.js?ver=1.1 HTTP/1.1" 304 -
::1 - - [01/Jun/2015:09:36:40 +0200] "GET /wp-content/themes/mokka/js/masonry.pkgd.min.js?ver=1 HTTP/1.1" 304 -
::1 - - [01/Jun/2015:09:36:40 +0200] "GET /wp-content/themes/mokka/js/plugins.js?ver=1 HTTP/1.1" 304 -
::1 - - [01/Jun/2015:09:36:40 +0200] "GET /wp-content/themes/mokka/js/imagesloaded.js?ver=1 HTTP/1.1" 304 -
::1 - - [01/Jun/2015:09:36:40 +0200] "GET /wp-content/themes/mokka/js/ilightbox.packed.js?ver=1 HTTP/1.1" 304 -
::1 - - [01/Jun/2015:09:36:40 +0200] "GET /wp-content/themes/mokka/js/owl.carousel.min.js?ver=1 HTTP/1.1" 304 -
::1 - - [01/Jun/2015:09:36:40 +0200] "GET /wp-content/themes/mokka/js/headhesive.min.js?ver=1 HTTP/1.1" 304 -
::1 - - [01/Jun/2015:09:36:40 +0200] "GET /wp-content/themes/mokka/js/custom.js?ver=1 HTTP/1.1" 304 -
::1 - - [01/Jun/2015:09:36:40 +0200] "GET /wp-content/themes/mokka/images/logo.png HTTP/1.1" 304 -
::1 - - [01/Jun/2015:09:36:40 +0200] "GET /wp-content/themes/mokka/ilightbox/dark-skin/skin.css HTTP/1.1" 304 -
::1 - - [01/Jun/2015:09:36:40 +0200] "GET /wp-content/themes/mokka/style.css HTTP/1.1" 304 -
::1 - - [01/Jun/2015:09:36:44 +0200] "GET /?page=articles HTTP/1.1" 200 20129
::1 - - [01/Jun/2015:09:36:44 +0200] "GET /js/index.js HTTP/1.1" 404 209
::1 - - [01/Jun/2015:09:37:32 +0200] "GET /?page=articles HTTP/1.1" 200 20126
::1 - - [01/Jun/2015:09:37:33 +0200] "GET /wp-content/plugins/bootstrap-shortcodes/css/bootstrap.css?ver=4.2.2 HTTP/1.1" 304 -
::1 - - [01/Jun/2015:09:37:33 +0200] "GET /wp-content/plugins/bootstrap-shortcodes/css/shortcodes.css?ver=4.2.2 HTTP/1.1" 304 -
::1 - - [01/Jun/2015:09:37:33 +0200] "GET /wp-content/plugins/contact-form-7/includes/css/styles.css?ver=4.1.2 HTTP/1.1" 304 -
::1 - - [01/Jun/2015:09:37:33 +0200] "GET /wp-content/plugins/i-recommend-this/css/dot-irecommendthis.css?ver=4.2.2 HTTP/1.1" 304 -
::1 - - [01/Jun/2015:09:37:33 +0200] "GET /wp-content/plugins/zilla-likes/styles/zilla-likes.css?ver=4.2.2 HTTP/1.1" 304 -
::1 - - [01/Jun/2015:09:37:33 +0200] "GET /wp-content/themes/mokka/css/bootstrap.min.css?ver=1 HTTP/1.1" 304 -
::1 - - [01/Jun/2015:09:37:33 +0200] "GET /wp-content/themes/mokka/css/font-awesome.min.css?ver=1 HTTP/1.1" 304 -
::1 - - [01/Jun/2015:09:37:33 +0200] "GET /wp-content/themes/mokka/css/icons.css?ver=1 HTTP/1.1" 304 -
::1 - - [01/Jun/2015:09:37:33 +0200] "GET /wp-content/themes/mokka/css/justifiedGallery.min.css?ver=3.2.0 HTTP/1.1" 304 -
::1 - - [01/Jun/2015:09:37:33 +0200] "GET /wp-content/themes/mokka/css/slide_menu.css?ver=1 HTTP/1.1" 304 -
::1 - - [01/Jun/2015:09:37:33 +0200] "GET /wp-content/themes/mokka/css/ilightbox.css?ver=1 HTTP/1.1" 304 -
::1 - - [01/Jun/2015:09:37:33 +0200] "GET /wp-content/themes/mokka/css/headhesive.css?ver=1 HTTP/1.1" 304 -
::1 - - [01/Jun/2015:09:37:33 +0200] "GET /wp-content/themes/mokka-child/style.css?ver=1 HTTP/1.1" 304 -
::1 - - [01/Jun/2015:09:37:33 +0200] "GET /wp-content/themes/mokka/css/owl.carousel.css?ver=1.3.3 HTTP/1.1" 304 -
::1 - - [01/Jun/2015:09:37:33 +0200] "GET /wp-includes/js/jquery/jquery.js?ver=1.11.2 HTTP/1.1" 304 -
::1 - - [01/Jun/2015:09:37:33 +0200] "GET /wp-content/themes/mokka/css/media-queries.css?ver=1 HTTP/1.1" 304 -
::1 - - [01/Jun/2015:09:37:33 +0200] "GET /wp-content/plugins/bootstrap-shortcodes/js/bootstrap.js?ver=4.2.2 HTTP/1.1" 304 -
::1 - - [01/Jun/2015:09:37:33 +0200] "GET /wp-includes/js/jquery/jquery-migrate.min.js?ver=1.2.1 HTTP/1.1" 304 -
::1 - - [01/Jun/2015:09:37:33 +0200] "GET /wp-content/plugins/bootstrap-shortcodes/js/init.js?ver=4.2.2 HTTP/1.1" 304 -
::1 - - [01/Jun/2015:09:37:33 +0200] "GET /wp-content/plugins/zilla-likes/scripts/zilla-likes.js?ver=4.2.2 HTTP/1.1" 304 -
::1 - - [01/Jun/2015:09:37:33 +0200] "GET /js/index.js HTTP/1.1" 404 209
::1 - - [01/Jun/2015:09:37:33 +0200] "GET /wp-content/plugins/contact-form-7/includes/js/scripts.js?ver=4.1.2 HTTP/1.1" 304 -
::1 - - [01/Jun/2015:09:37:33 +0200] "GET /wp-content/plugins/contact-form-7/includes/js/jquery.form.min.js?ver=3.51.0-2014.06.20 HTTP/1.1" 304 -
::1 - - [01/Jun/2015:09:37:33 +0200] "GET /wp-content/plugins/i-recommend-this/js/dot_irecommendthis.js?ver=2.6.0 HTTP/1.1" 304 -
::1 - - [01/Jun/2015:09:37:33 +0200] "GET /wp-content/themes/mokka/js/bootstrap.min.js?ver=1 HTTP/1.1" 304 -
::1 - - [01/Jun/2015:09:37:33 +0200] "GET /wp-content/themes/mokka/js/jquery.mousewheel.min.js?ver=3.0.6 HTTP/1.1" 304 -
::1 - - [01/Jun/2015:09:37:33 +0200] "GET /wp-content/themes/mokka/js//jquery.touchSwipe.min.js?ver=1.3.3 HTTP/1.1" 304 -
::1 - - [01/Jun/2015:09:37:33 +0200] "GET /wp-content/themes/mokka/js/jquery.transit.min.js?ver=1 HTTP/1.1" 304 -
::1 - - [01/Jun/2015:09:37:33 +0200] "GET /wp-content/themes/mokka/js/jquery.ba-throttle-debounce.min.js?ver=1.1 HTTP/1.1" 304 -
::1 - - [01/Jun/2015:09:37:33 +0200] "GET /wp-content/themes/mokka/js/masonry.pkgd.min.js?ver=1 HTTP/1.1" 304 -
::1 - - [01/Jun/2015:09:37:33 +0200] "GET /wp-content/themes/mokka/js/imagesloaded.js?ver=1 HTTP/1.1" 304 -
::1 - - [01/Jun/2015:09:37:33 +0200] "GET /wp-content/themes/mokka/js/plugins.js?ver=1 HTTP/1.1" 304 -
::1 - - [01/Jun/2015:09:37:33 +0200] "GET /wp-content/themes/mokka/js/ilightbox.packed.js?ver=1 HTTP/1.1" 304 -
::1 - - [01/Jun/2015:09:37:33 +0200] "GET /wp-content/themes/mokka/js/owl.carousel.min.js?ver=1 HTTP/1.1" 304 -
::1 - - [01/Jun/2015:09:37:33 +0200] "GET /wp-content/themes/mokka/js/headhesive.min.js?ver=1 HTTP/1.1" 304 -
::1 - - [01/Jun/2015:09:37:33 +0200] "GET /wp-content/themes/mokka/js/custom.js?ver=1 HTTP/1.1" 304 -
::1 - - [01/Jun/2015:09:37:33 +0200] "GET /wp-includes/js/wp-emoji-release.min.js?ver=4.2.2 HTTP/1.1" 304 -
::1 - - [01/Jun/2015:09:37:33 +0200] "GET /wp-content/themes/mokka/images/logo.png HTTP/1.1" 304 -
::1 - - [01/Jun/2015:09:37:33 +0200] "GET /wp-content/themes/mokka/style.css HTTP/1.1" 304 -
::1 - - [01/Jun/2015:09:37:33 +0200] "GET /wp-content/themes/mokka/ilightbox/dark-skin/skin.css HTTP/1.1" 304 -
::1 - - [01/Jun/2015:09:37:37 +0200] "GET /?page=articledetail&id=2 HTTP/1.1" 200 20146
::1 - - [01/Jun/2015:09:37:37 +0200] "GET /css/layout.css HTTP/1.1" 404 212
::1 - - [01/Jun/2015:09:37:37 +0200] "GET /img/temp.jpg HTTP/1.1" 404 210
::1 - - [01/Jun/2015:09:37:47 +0200] "GET /?page=ads HTTP/1.1" 200 16237
::1 - - [01/Jun/2015:09:37:48 +0200] "GET /css/layout.css HTTP/1.1" 404 212
::1 - - [01/Jun/2015:09:38:22 +0200] "GET /?page=ads HTTP/1.1" 200 20371
::1 - - [01/Jun/2015:09:38:23 +0200] "GET /wp-content/plugins/bootstrap-shortcodes/css/bootstrap.css?ver=4.2.2 HTTP/1.1" 304 -
::1 - - [01/Jun/2015:09:38:23 +0200] "GET /wp-content/plugins/bootstrap-shortcodes/css/shortcodes.css?ver=4.2.2 HTTP/1.1" 304 -
::1 - - [01/Jun/2015:09:38:23 +0200] "GET /wp-content/plugins/contact-form-7/includes/css/styles.css?ver=4.1.2 HTTP/1.1" 304 -
::1 - - [01/Jun/2015:09:38:23 +0200] "GET /wp-content/plugins/i-recommend-this/css/dot-irecommendthis.css?ver=4.2.2 HTTP/1.1" 304 -
::1 - - [01/Jun/2015:09:38:23 +0200] "GET /wp-content/plugins/zilla-likes/styles/zilla-likes.css?ver=4.2.2 HTTP/1.1" 304 -
::1 - - [01/Jun/2015:09:38:23 +0200] "GET /wp-content/themes/mokka/css/font-awesome.min.css?ver=1 HTTP/1.1" 304 -
::1 - - [01/Jun/2015:09:38:23 +0200] "GET /wp-content/themes/mokka/css/bootstrap.min.css?ver=1 HTTP/1.1" 304 -
::1 - - [01/Jun/2015:09:38:23 +0200] "GET /wp-content/themes/mokka/css/icons.css?ver=1 HTTP/1.1" 304 -
::1 - - [01/Jun/2015:09:38:23 +0200] "GET /wp-content/themes/mokka/css/justifiedGallery.min.css?ver=3.2.0 HTTP/1.1" 304 -
::1 - - [01/Jun/2015:09:38:23 +0200] "GET /wp-content/themes/mokka/css/slide_menu.css?ver=1 HTTP/1.1" 304 -
::1 - - [01/Jun/2015:09:38:23 +0200] "GET /wp-content/themes/mokka/css/ilightbox.css?ver=1 HTTP/1.1" 304 -
::1 - - [01/Jun/2015:09:38:23 +0200] "GET /wp-content/themes/mokka/css/headhesive.css?ver=1 HTTP/1.1" 304 -
::1 - - [01/Jun/2015:09:38:23 +0200] "GET /wp-content/themes/mokka/css/owl.carousel.css?ver=1.3.3 HTTP/1.1" 304 -
::1 - - [01/Jun/2015:09:38:23 +0200] "GET /wp-content/themes/mokka-child/style.css?ver=1 HTTP/1.1" 304 -
::1 - - [01/Jun/2015:09:38:23 +0200] "GET /wp-content/themes/mokka/css/media-queries.css?ver=1 HTTP/1.1" 304 -
::1 - - [01/Jun/2015:09:38:23 +0200] "GET /css/layout.css HTTP/1.1" 404 212
::1 - - [01/Jun/2015:09:38:23 +0200] "GET /wp-includes/js/jquery/jquery.js?ver=1.11.2 HTTP/1.1" 304 -
::1 - - [01/Jun/2015:09:38:23 +0200] "GET /wp-includes/js/jquery/jquery-migrate.min.js?ver=1.2.1 HTTP/1.1" 304 -
::1 - - [01/Jun/2015:09:38:23 +0200] "GET /wp-content/plugins/bootstrap-shortcodes/js/bootstrap.js?ver=4.2.2 HTTP/1.1" 304 -
::1 - - [01/Jun/2015:09:38:23 +0200] "GET /wp-content/plugins/bootstrap-shortcodes/js/init.js?ver=4.2.2 HTTP/1.1" 304 -
::1 - - [01/Jun/2015:09:38:23 +0200] "GET /wp-content/plugins/zilla-likes/scripts/zilla-likes.js?ver=4.2.2 HTTP/1.1" 304 -
::1 - - [01/Jun/2015:09:38:23 +0200] "GET /js/index.js HTTP/1.1" 404 209
::1 - - [01/Jun/2015:09:38:23 +0200] "GET /wp-content/plugins/contact-form-7/includes/js/jquery.form.min.js?ver=3.51.0-2014.06.20 HTTP/1.1" 304 -
::1 - - [01/Jun/2015:09:38:23 +0200] "GET /wp-content/plugins/contact-form-7/includes/js/scripts.js?ver=4.1.2 HTTP/1.1" 304 -
::1 - - [01/Jun/2015:09:38:23 +0200] "GET /wp-content/plugins/i-recommend-this/js/dot_irecommendthis.js?ver=2.6.0 HTTP/1.1" 304 -
::1 - - [01/Jun/2015:09:38:23 +0200] "GET /wp-content/themes/mokka/js/bootstrap.min.js?ver=1 HTTP/1.1" 304 -
::1 - - [01/Jun/2015:09:38:23 +0200] "GET /wp-content/themes/mokka/js/jquery.mousewheel.min.js?ver=3.0.6 HTTP/1.1" 304 -
::1 - - [01/Jun/2015:09:38:23 +0200] "GET /wp-content/themes/mokka/js//jquery.touchSwipe.min.js?ver=1.3.3 HTTP/1.1" 304 -
::1 - - [01/Jun/2015:09:38:23 +0200] "GET /wp-content/themes/mokka/js/jquery.transit.min.js?ver=1 HTTP/1.1" 304 -
::1 - - [01/Jun/2015:09:38:23 +0200] "GET /wp-content/themes/mokka/js/jquery.ba-throttle-debounce.min.js?ver=1.1 HTTP/1.1" 304 -
::1 - - [01/Jun/2015:09:38:23 +0200] "GET /wp-content/themes/mokka/js/imagesloaded.js?ver=1 HTTP/1.1" 304 -
::1 - - [01/Jun/2015:09:38:23 +0200] "GET /wp-content/themes/mokka/js/masonry.pkgd.min.js?ver=1 HTTP/1.1" 304 -
::1 - - [01/Jun/2015:09:38:23 +0200] "GET /wp-content/themes/mokka/js/plugins.js?ver=1 HTTP/1.1" 304 -
::1 - - [01/Jun/2015:09:38:23 +0200] "GET /wp-content/themes/mokka/js/ilightbox.packed.js?ver=1 HTTP/1.1" 304 -
::1 - - [01/Jun/2015:09:38:23 +0200] "GET /wp-content/themes/mokka/js/owl.carousel.min.js?ver=1 HTTP/1.1" 304 -
::1 - - [01/Jun/2015:09:38:23 +0200] "GET /wp-content/themes/mokka/js/headhesive.min.js?ver=1 HTTP/1.1" 304 -
::1 - - [01/Jun/2015:09:38:23 +0200] "GET /wp-content/themes/mokka/js/custom.js?ver=1 HTTP/1.1" 304 -
::1 - - [01/Jun/2015:09:38:23 +0200] "GET /wp-includes/js/wp-emoji-release.min.js?ver=4.2.2 HTTP/1.1" 304 -
::1 - - [01/Jun/2015:09:38:23 +0200] "GET /wp-content/themes/mokka/images/logo.png HTTP/1.1" 304 -
::1 - - [01/Jun/2015:09:38:23 +0200] "GET /Ik%20zoek%20een%20hamer HTTP/1.1" 404 215
::1 - - [01/Jun/2015:09:38:23 +0200] "GET /Materiaal%20om%20te%20lenen HTTP/1.1" 404 219
::1 - - [01/Jun/2015:09:38:23 +0200] "GET /wp-content/themes/mokka/ilightbox/dark-skin/skin.css HTTP/1.1" 304 -
::1 - - [01/Jun/2015:09:38:23 +0200] "GET /wp-content/themes/mokka/style.css HTTP/1.1" 304 -
::1 - - [01/Jun/2015:09:38:23 +0200] "GET /Ik%20zoek%20een%20hamer HTTP/1.1" 404 215
::1 - - [01/Jun/2015:09:38:23 +0200] "GET /Materiaal%20om%20te%20lenen HTTP/1.1" 404 219
::1 - - [01/Jun/2015:09:39:21 +0200] "GET /?page=ads HTTP/1.1" 200 20371
::1 - - [01/Jun/2015:09:39:21 +0200] "GET /css/layout.css HTTP/1.1" 404 212
::1 - - [01/Jun/2015:09:39:21 +0200] "GET /Ik%20zoek%20een%20hamer HTTP/1.1" 404 215
::1 - - [01/Jun/2015:09:39:21 +0200] "GET /js/index.js HTTP/1.1" 404 209
::1 - - [01/Jun/2015:09:39:21 +0200] "GET /Materiaal%20om%20te%20lenen HTTP/1.1" 404 219
::1 - - [01/Jun/2015:09:40:47 +0200] "GET /?page=ads HTTP/1.1" 200 20367
::1 - - [01/Jun/2015:09:40:47 +0200] "GET /wp-includes/js/wp-emoji-release.min.js?ver=4.2.2 HTTP/1.1" 304 -
::1 - - [01/Jun/2015:09:40:47 +0200] "GET /wp-content/plugins/bootstrap-shortcodes/css/bootstrap.css?ver=4.2.2 HTTP/1.1" 304 -
::1 - - [01/Jun/2015:09:40:47 +0200] "GET /wp-content/plugins/bootstrap-shortcodes/css/shortcodes.css?ver=4.2.2 HTTP/1.1" 304 -
::1 - - [01/Jun/2015:09:40:47 +0200] "GET /wp-content/plugins/contact-form-7/includes/css/styles.css?ver=4.1.2 HTTP/1.1" 304 -
::1 - - [01/Jun/2015:09:40:47 +0200] "GET /wp-content/plugins/i-recommend-this/css/dot-irecommendthis.css?ver=4.2.2 HTTP/1.1" 304 -
::1 - - [01/Jun/2015:09:40:47 +0200] "GET /wp-content/plugins/zilla-likes/styles/zilla-likes.css?ver=4.2.2 HTTP/1.1" 304 -
::1 - - [01/Jun/2015:09:40:47 +0200] "GET /wp-content/themes/mokka/css/bootstrap.min.css?ver=1 HTTP/1.1" 304 -
::1 - - [01/Jun/2015:09:40:47 +0200] "GET /wp-content/themes/mokka/css/font-awesome.min.css?ver=1 HTTP/1.1" 304 -
::1 - - [01/Jun/2015:09:40:47 +0200] "GET /wp-content/themes/mokka/css/icons.css?ver=1 HTTP/1.1" 304 -
::1 - - [01/Jun/2015:09:40:47 +0200] "GET /wp-content/themes/mokka/css/justifiedGallery.min.css?ver=3.2.0 HTTP/1.1" 304 -
::1 - - [01/Jun/2015:09:40:47 +0200] "GET /wp-content/themes/mokka/css/slide_menu.css?ver=1 HTTP/1.1" 304 -
::1 - - [01/Jun/2015:09:40:47 +0200] "GET /wp-content/themes/mokka/css/ilightbox.css?ver=1 HTTP/1.1" 304 -
::1 - - [01/Jun/2015:09:40:47 +0200] "GET /wp-content/themes/mokka/css/headhesive.css?ver=1 HTTP/1.1" 304 -
::1 - - [01/Jun/2015:09:40:47 +0200] "GET /wp-content/themes/mokka-child/style.css?ver=1 HTTP/1.1" 304 -
::1 - - [01/Jun/2015:09:40:47 +0200] "GET /wp-content/themes/mokka/css/media-queries.css?ver=1 HTTP/1.1" 304 -
::1 - - [01/Jun/2015:09:40:47 +0200] "GET /wp-content/themes/mokka/css/owl.carousel.css?ver=1.3.3 HTTP/1.1" 304 -
::1 - - [01/Jun/2015:09:40:47 +0200] "GET /wp-includes/js/jquery/jquery.js?ver=1.11.2 HTTP/1.1" 304 -
::1 - - [01/Jun/2015:09:40:47 +0200] "GET /css/layout.css HTTP/1.1" 404 212
::1 - - [01/Jun/2015:09:40:47 +0200] "GET /wp-includes/js/jquery/jquery-migrate.min.js?ver=1.2.1 HTTP/1.1" 304 -
::1 - - [01/Jun/2015:09:40:47 +0200] "GET /wp-content/plugins/bootstrap-shortcodes/js/bootstrap.js?ver=4.2.2 HTTP/1.1" 304 -
::1 - - [01/Jun/2015:09:40:47 +0200] "GET /wp-content/plugins/bootstrap-shortcodes/js/init.js?ver=4.2.2 HTTP/1.1" 304 -
::1 - - [01/Jun/2015:09:40:47 +0200] "GET /wp-content/plugins/zilla-likes/scripts/zilla-likes.js?ver=4.2.2 HTTP/1.1" 304 -
::1 - - [01/Jun/2015:09:40:47 +0200] "GET /js/index.js HTTP/1.1" 404 209
::1 - - [01/Jun/2015:09:40:47 +0200] "GET /wp-content/plugins/contact-form-7/includes/js/jquery.form.min.js?ver=3.51.0-2014.06.20 HTTP/1.1" 304 -
::1 - - [01/Jun/2015:09:40:47 +0200] "GET /wp-content/plugins/contact-form-7/includes/js/scripts.js?ver=4.1.2 HTTP/1.1" 304 -
::1 - - [01/Jun/2015:09:40:47 +0200] "GET /wp-content/themes/mokka/js/bootstrap.min.js?ver=1 HTTP/1.1" 304 -
::1 - - [01/Jun/2015:09:40:47 +0200] "GET /wp-content/plugins/i-recommend-this/js/dot_irecommendthis.js?ver=2.6.0 HTTP/1.1" 304 -
::1 - - [01/Jun/2015:09:40:47 +0200] "GET /wp-content/themes/mokka/js/jquery.mousewheel.min.js?ver=3.0.6 HTTP/1.1" 304 -
::1 - - [01/Jun/2015:09:40:47 +0200] "GET /wp-content/themes/mokka/js//jquery.touchSwipe.min.js?ver=1.3.3 HTTP/1.1" 304 -
::1 - - [01/Jun/2015:09:40:47 +0200] "GET /wp-content/themes/mokka/js/jquery.transit.min.js?ver=1 HTTP/1.1" 304 -
::1 - - [01/Jun/2015:09:40:47 +0200] "GET /wp-content/themes/mokka/js/jquery.ba-throttle-debounce.min.js?ver=1.1 HTTP/1.1" 304 -
::1 - - [01/Jun/2015:09:40:47 +0200] "GET /wp-content/themes/mokka/js/masonry.pkgd.min.js?ver=1 HTTP/1.1" 304 -
::1 - - [01/Jun/2015:09:40:47 +0200] "GET /wp-content/themes/mokka/js/imagesloaded.js?ver=1 HTTP/1.1" 304 -
::1 - - [01/Jun/2015:09:40:47 +0200] "GET /wp-content/themes/mokka/js/plugins.js?ver=1 HTTP/1.1" 304 -
::1 - - [01/Jun/2015:09:40:47 +0200] "GET /wp-content/themes/mokka/js/ilightbox.packed.js?ver=1 HTTP/1.1" 304 -
::1 - - [01/Jun/2015:09:40:47 +0200] "GET /wp-content/themes/mokka/js/owl.carousel.min.js?ver=1 HTTP/1.1" 304 -
::1 - - [01/Jun/2015:09:40:47 +0200] "GET /wp-content/themes/mokka/js/headhesive.min.js?ver=1 HTTP/1.1" 304 -
::1 - - [01/Jun/2015:09:40:47 +0200] "GET /wp-content/themes/mokka/js/custom.js?ver=1 HTTP/1.1" 304 -
::1 - - [01/Jun/2015:09:40:47 +0200] "GET /wp-content/themes/mokka/images/logo.png HTTP/1.1" 304 -
::1 - - [01/Jun/2015:09:40:47 +0200] "GET /1.jpg HTTP/1.1" 404 203
::1 - - [01/Jun/2015:09:40:47 +0200] "GET /2.jpg HTTP/1.1" 404 203
::1 - - [01/Jun/2015:09:40:47 +0200] "GET /wp-content/themes/mokka/ilightbox/dark-skin/skin.css HTTP/1.1" 304 -
::1 - - [01/Jun/2015:09:40:47 +0200] "GET /wp-content/themes/mokka/style.css HTTP/1.1" 304 -
::1 - - [01/Jun/2015:09:40:47 +0200] "GET /1.jpg HTTP/1.1" 404 203
::1 - - [01/Jun/2015:09:40:47 +0200] "GET /2.jpg HTTP/1.1" 404 203
::1 - - [01/Jun/2015:09:41:03 +0200] "GET /?page=articles HTTP/1.1" 200 20126
::1 - - [01/Jun/2015:09:41:03 +0200] "GET /js/index.js HTTP/1.1" 404 209
::1 - - [01/Jun/2015:09:41:05 +0200] "GET /?page=eventoverview HTTP/1.1" 200 20689
::1 - - [01/Jun/2015:09:41:05 +0200] "GET /js/index.js HTTP/1.1" 404 209
::1 - - [01/Jun/2015:09:41:05 +0200] "GET /css/layout.css HTTP/1.1" 404 212
::1 - - [01/Jun/2015:09:41:07 +0200] "GET /?page=articles HTTP/1.1" 200 20126
::1 - - [01/Jun/2015:09:41:08 +0200] "GET /js/index.js HTTP/1.1" 404 209
::1 - - [01/Jun/2015:09:41:09 +0200] "GET /?page=articledetail&id=2 HTTP/1.1" 200 20146
::1 - - [01/Jun/2015:09:41:09 +0200] "GET /img/temp.jpg HTTP/1.1" 404 210
::1 - - [01/Jun/2015:09:41:09 +0200] "GET /css/layout.css HTTP/1.1" 404 212
::1 - - [01/Jun/2015:09:42:51 +0200] "GET /?page=articledetail&id=2 HTTP/1.1" 200 20166
::1 - - [01/Jun/2015:09:42:51 +0200] "GET /wp-content/plugins/bootstrap-shortcodes/css/shortcodes.css?ver=4.2.2 HTTP/1.1" 304 -
::1 - - [01/Jun/2015:09:42:51 +0200] "GET /wp-content/plugins/bootstrap-shortcodes/css/bootstrap.css?ver=4.2.2 HTTP/1.1" 304 -
::1 - - [01/Jun/2015:09:42:51 +0200] "GET /wp-content/plugins/contact-form-7/includes/css/styles.css?ver=4.1.2 HTTP/1.1" 304 -
::1 - - [01/Jun/2015:09:42:51 +0200] "GET /wp-content/plugins/i-recommend-this/css/dot-irecommendthis.css?ver=4.2.2 HTTP/1.1" 304 -
::1 - - [01/Jun/2015:09:42:51 +0200] "GET /wp-content/plugins/zilla-likes/styles/zilla-likes.css?ver=4.2.2 HTTP/1.1" 304 -
::1 - - [01/Jun/2015:09:42:51 +0200] "GET /wp-content/themes/mokka/css/bootstrap.min.css?ver=1 HTTP/1.1" 304 -
::1 - - [01/Jun/2015:09:42:51 +0200] "GET /wp-content/themes/mokka/css/font-awesome.min.css?ver=1 HTTP/1.1" 304 -
::1 - - [01/Jun/2015:09:42:51 +0200] "GET /wp-content/themes/mokka/css/icons.css?ver=1 HTTP/1.1" 304 -
::1 - - [01/Jun/2015:09:42:51 +0200] "GET /wp-content/themes/mokka/css/justifiedGallery.min.css?ver=3.2.0 HTTP/1.1" 304 -
::1 - - [01/Jun/2015:09:42:51 +0200] "GET /wp-content/themes/mokka/css/slide_menu.css?ver=1 HTTP/1.1" 304 -
::1 - - [01/Jun/2015:09:42:51 +0200] "GET /wp-content/themes/mokka/css/ilightbox.css?ver=1 HTTP/1.1" 304 -
::1 - - [01/Jun/2015:09:42:52 +0200] "GET /wp-content/themes/mokka/css/headhesive.css?ver=1 HTTP/1.1" 304 -
::1 - - [01/Jun/2015:09:42:52 +0200] "GET /wp-content/themes/mokka/css/owl.carousel.css?ver=1.3.3 HTTP/1.1" 304 -
::1 - - [01/Jun/2015:09:42:52 +0200] "GET /wp-content/themes/mokka-child/style.css?ver=1 HTTP/1.1" 304 -
::1 - - [01/Jun/2015:09:42:52 +0200] "GET /wp-content/themes/mokka/css/media-queries.css?ver=1 HTTP/1.1" 304 -
::1 - - [01/Jun/2015:09:42:52 +0200] "GET /css/layout.css HTTP/1.1" 404 212
::1 - - [01/Jun/2015:09:42:52 +0200] "GET /wp-includes/js/jquery/jquery.js?ver=1.11.2 HTTP/1.1" 304 -
::1 - - [01/Jun/2015:09:42:52 +0200] "GET /wp-includes/js/jquery/jquery-migrate.min.js?ver=1.2.1 HTTP/1.1" 304 -
::1 - - [01/Jun/2015:09:42:52 +0200] "GET /wp-content/plugins/bootstrap-shortcodes/js/init.js?ver=4.2.2 HTTP/1.1" 304 -
::1 - - [01/Jun/2015:09:42:52 +0200] "GET /wp-content/plugins/bootstrap-shortcodes/js/bootstrap.js?ver=4.2.2 HTTP/1.1" 304 -
::1 - - [01/Jun/2015:09:42:52 +0200] "GET /wp-content/plugins/zilla-likes/scripts/zilla-likes.js?ver=4.2.2 HTTP/1.1" 304 -
::1 - - [01/Jun/2015:09:42:52 +0200] "GET /wp-content/plugins/contact-form-7/includes/js/jquery.form.min.js?ver=3.51.0-2014.06.20 HTTP/1.1" 304 -
::1 - - [01/Jun/2015:09:42:52 +0200] "GET /wp-content/plugins/contact-form-7/includes/js/scripts.js?ver=4.1.2 HTTP/1.1" 304 -
::1 - - [01/Jun/2015:09:42:52 +0200] "GET /wp-content/plugins/i-recommend-this/js/dot_irecommendthis.js?ver=2.6.0 HTTP/1.1" 304 -
::1 - - [01/Jun/2015:09:42:52 +0200] "GET /wp-content/themes/mokka/js/bootstrap.min.js?ver=1 HTTP/1.1" 304 -
::1 - - [01/Jun/2015:09:42:52 +0200] "GET /wp-content/themes/mokka/js/jquery.mousewheel.min.js?ver=3.0.6 HTTP/1.1" 304 -
::1 - - [01/Jun/2015:09:42:52 +0200] "GET /wp-content/themes/mokka/js//jquery.touchSwipe.min.js?ver=1.3.3 HTTP/1.1" 304 -
::1 - - [01/Jun/2015:09:42:52 +0200] "GET /wp-content/themes/mokka/js/jquery.transit.min.js?ver=1 HTTP/1.1" 304 -
::1 - - [01/Jun/2015:09:42:52 +0200] "GET /wp-content/themes/mokka/js/jquery.ba-throttle-debounce.min.js?ver=1.1 HTTP/1.1" 304 -
::1 - - [01/Jun/2015:09:42:52 +0200] "GET /wp-content/themes/mokka/js/masonry.pkgd.min.js?ver=1 HTTP/1.1" 304 -
::1 - - [01/Jun/2015:09:42:52 +0200] "GET /wp-content/themes/mokka/js/imagesloaded.js?ver=1 HTTP/1.1" 304 -
::1 - - [01/Jun/2015:09:42:52 +0200] "GET /wp-content/themes/mokka/js/plugins.js?ver=1 HTTP/1.1" 304 -
::1 - - [01/Jun/2015:09:42:52 +0200] "GET /wp-content/themes/mokka/js/ilightbox.packed.js?ver=1 HTTP/1.1" 304 -
::1 - - [01/Jun/2015:09:42:52 +0200] "GET /wp-content/themes/mokka/js/owl.carousel.min.js?ver=1 HTTP/1.1" 304 -
::1 - - [01/Jun/2015:09:42:52 +0200] "GET /wp-content/themes/mokka/js/headhesive.min.js?ver=1 HTTP/1.1" 304 -
::1 - - [01/Jun/2015:09:42:52 +0200] "GET /wp-content/themes/mokka/js/custom.js?ver=1 HTTP/1.1" 304 -
::1 - - [01/Jun/2015:09:42:52 +0200] "GET /wp-includes/js/wp-emoji-release.min.js?ver=4.2.2 HTTP/1.1" 304 -
::1 - - [01/Jun/2015:09:42:52 +0200] "GET /wp-content/themes/mokka/images/logo.png HTTP/1.1" 304 -
::1 - - [01/Jun/2015:09:42:52 +0200] "GET /img/temp.jpg HTTP/1.1" 404 210
::1 - - [01/Jun/2015:09:42:52 +0200] "GET /wp-content/themes/mokka/ilightbox/dark-skin/skin.css HTTP/1.1" 304 -
::1 - - [01/Jun/2015:09:42:52 +0200] "GET /wp-content/themes/mokka/style.css HTTP/1.1" 304 -
::1 - - [01/Jun/2015:09:42:52 +0200] "GET /img/temp.jpg HTTP/1.1" 404 210
::1 - - [01/Jun/2015:09:43:58 +0200] "GET /?page=articles HTTP/1.1" 200 20126
::1 - - [01/Jun/2015:09:43:58 +0200] "GET /js/index.js HTTP/1.1" 404 209
::1 - - [01/Jun/2015:09:44:01 +0200] "GET /?page=articledetail&id=2 HTTP/1.1" 200 20166
::1 - - [01/Jun/2015:09:44:01 +0200] "GET /css/layout.css HTTP/1.1" 404 212
::1 - - [01/Jun/2015:09:44:01 +0200] "GET /img/temp.jpg HTTP/1.1" 404 210
::1 - - [01/Jun/2015:09:44:08 +0200] "GET /?page=ads HTTP/1.1" 200 20367
::1 - - [01/Jun/2015:09:44:09 +0200] "GET /css/layout.css HTTP/1.1" 404 212
::1 - - [01/Jun/2015:09:44:09 +0200] "GET /1.jpg HTTP/1.1" 404 203
::1 - - [01/Jun/2015:09:44:09 +0200] "GET /js/index.js HTTP/1.1" 404 209
::1 - - [01/Jun/2015:09:44:09 +0200] "GET /2.jpg HTTP/1.1" 404 203
::1 - - [01/Jun/2015:09:44:12 +0200] "GET /?page=articles HTTP/1.1" 200 20126
::1 - - [01/Jun/2015:09:44:13 +0200] "GET /js/index.js HTTP/1.1" 404 209
::1 - - [01/Jun/2015:09:47:05 +0200] "GET /?page=articles HTTP/1.1" 200 20126
::1 - - [01/Jun/2015:09:47:05 +0200] "GET /wp-content/plugins/bootstrap-shortcodes/css/bootstrap.css?ver=4.2.2 HTTP/1.1" 304 -
::1 - - [01/Jun/2015:09:47:05 +0200] "GET /wp-content/plugins/bootstrap-shortcodes/css/shortcodes.css?ver=4.2.2 HTTP/1.1" 304 -
::1 - - [01/Jun/2015:09:47:05 +0200] "GET /wp-content/plugins/contact-form-7/includes/css/styles.css?ver=4.1.2 HTTP/1.1" 304 -
::1 - - [01/Jun/2015:09:47:05 +0200] "GET /wp-content/plugins/i-recommend-this/css/dot-irecommendthis.css?ver=4.2.2 HTTP/1.1" 304 -
::1 - - [01/Jun/2015:09:47:05 +0200] "GET /wp-content/plugins/zilla-likes/styles/zilla-likes.css?ver=4.2.2 HTTP/1.1" 304 -
::1 - - [01/Jun/2015:09:47:05 +0200] "GET /wp-content/themes/mokka/css/bootstrap.min.css?ver=1 HTTP/1.1" 304 -
::1 - - [01/Jun/2015:09:47:05 +0200] "GET /wp-content/themes/mokka/css/font-awesome.min.css?ver=1 HTTP/1.1" 304 -
::1 - - [01/Jun/2015:09:47:05 +0200] "GET /wp-content/themes/mokka/css/icons.css?ver=1 HTTP/1.1" 304 -
::1 - - [01/Jun/2015:09:47:05 +0200] "GET /wp-content/themes/mokka/css/justifiedGallery.min.css?ver=3.2.0 HTTP/1.1" 304 -
::1 - - [01/Jun/2015:09:47:05 +0200] "GET /wp-content/themes/mokka/css/slide_menu.css?ver=1 HTTP/1.1" 304 -
::1 - - [01/Jun/2015:09:47:05 +0200] "GET /wp-content/themes/mokka/css/ilightbox.css?ver=1 HTTP/1.1" 304 -
::1 - - [01/Jun/2015:09:47:05 +0200] "GET /wp-content/themes/mokka/css/headhesive.css?ver=1 HTTP/1.1" 304 -
::1 - - [01/Jun/2015:09:47:05 +0200] "GET /wp-content/themes/mokka/css/owl.carousel.css?ver=1.3.3 HTTP/1.1" 304 -
::1 - - [01/Jun/2015:09:47:05 +0200] "GET /wp-content/themes/mokka-child/style.css?ver=1 HTTP/1.1" 304 -
::1 - - [01/Jun/2015:09:47:05 +0200] "GET /wp-includes/js/jquery/jquery.js?ver=1.11.2 HTTP/1.1" 304 -
::1 - - [01/Jun/2015:09:47:05 +0200] "GET /wp-content/themes/mokka/css/media-queries.css?ver=1 HTTP/1.1" 304 -
::1 - - [01/Jun/2015:09:47:05 +0200] "GET /wp-includes/js/jquery/jquery-migrate.min.js?ver=1.2.1 HTTP/1.1" 304 -
::1 - - [01/Jun/2015:09:47:05 +0200] "GET /wp-content/plugins/bootstrap-shortcodes/js/bootstrap.js?ver=4.2.2 HTTP/1.1" 304 -
::1 - - [01/Jun/2015:09:47:05 +0200] "GET /wp-content/plugins/bootstrap-shortcodes/js/init.js?ver=4.2.2 HTTP/1.1" 304 -
::1 - - [01/Jun/2015:09:47:05 +0200] "GET /wp-content/plugins/zilla-likes/scripts/zilla-likes.js?ver=4.2.2 HTTP/1.1" 304 -
::1 - - [01/Jun/2015:09:47:05 +0200] "GET /js/index.js HTTP/1.1" 404 209
::1 - - [01/Jun/2015:09:47:05 +0200] "GET /wp-content/plugins/contact-form-7/includes/js/jquery.form.min.js?ver=3.51.0-2014.06.20 HTTP/1.1" 304 -
::1 - - [01/Jun/2015:09:47:05 +0200] "GET /wp-content/plugins/contact-form-7/includes/js/scripts.js?ver=4.1.2 HTTP/1.1" 304 -
::1 - - [01/Jun/2015:09:47:05 +0200] "GET /wp-content/plugins/i-recommend-this/js/dot_irecommendthis.js?ver=2.6.0 HTTP/1.1" 304 -
::1 - - [01/Jun/2015:09:47:05 +0200] "GET /wp-content/themes/mokka/js/bootstrap.min.js?ver=1 HTTP/1.1" 304 -
::1 - - [01/Jun/2015:09:47:05 +0200] "GET /wp-content/themes/mokka/js/jquery.mousewheel.min.js?ver=3.0.6 HTTP/1.1" 304 -
::1 - - [01/Jun/2015:09:47:05 +0200] "GET /wp-content/themes/mokka/js/jquery.transit.min.js?ver=1 HTTP/1.1" 304 -
::1 - - [01/Jun/2015:09:47:05 +0200] "GET /wp-content/themes/mokka/js//jquery.touchSwipe.min.js?ver=1.3.3 HTTP/1.1" 304 -
::1 - - [01/Jun/2015:09:47:05 +0200] "GET /wp-content/themes/mokka/js/jquery.ba-throttle-debounce.min.js?ver=1.1 HTTP/1.1" 304 -
::1 - - [01/Jun/2015:09:47:05 +0200] "GET /wp-content/themes/mokka/js/masonry.pkgd.min.js?ver=1 HTTP/1.1" 304 -
::1 - - [01/Jun/2015:09:47:05 +0200] "GET /wp-content/themes/mokka/js/imagesloaded.js?ver=1 HTTP/1.1" 304 -
::1 - - [01/Jun/2015:09:47:05 +0200] "GET /wp-content/themes/mokka/js/plugins.js?ver=1 HTTP/1.1" 304 -
::1 - - [01/Jun/2015:09:47:05 +0200] "GET /wp-content/themes/mokka/js/ilightbox.packed.js?ver=1 HTTP/1.1" 304 -
::1 - - [01/Jun/2015:09:47:05 +0200] "GET /wp-content/themes/mokka/js/owl.carousel.min.js?ver=1 HTTP/1.1" 304 -
::1 - - [01/Jun/2015:09:47:05 +0200] "GET /wp-content/themes/mokka/js/headhesive.min.js?ver=1 HTTP/1.1" 304 -
::1 - - [01/Jun/2015:09:47:05 +0200] "GET /wp-content/themes/mokka/js/custom.js?ver=1 HTTP/1.1" 304 -
::1 - - [01/Jun/2015:09:47:05 +0200] "GET /wp-includes/js/wp-emoji-release.min.js?ver=4.2.2 HTTP/1.1" 304 -
::1 - - [01/Jun/2015:09:47:05 +0200] "GET /wp-content/themes/mokka/images/logo.png HTTP/1.1" 304 -
::1 - - [01/Jun/2015:09:47:05 +0200] "GET /wp-content/themes/mokka/ilightbox/dark-skin/skin.css HTTP/1.1" 304 -
::1 - - [01/Jun/2015:09:47:05 +0200] "GET /wp-content/themes/mokka/style.css HTTP/1.1" 304 -
::1 - - [01/Jun/2015:09:47:06 +0200] "GET /?page=articledetail&id=2 HTTP/1.1" 200 20129
::1 - - [01/Jun/2015:09:47:07 +0200] "GET /css/layout.css HTTP/1.1" 404 212
::1 - - [01/Jun/2015:09:47:07 +0200] "GET /img/temp.jpg HTTP/1.1" 404 210
