150530 15:58:21 [Note] Plugin 'FEDERATED' is disabled.
150530 15:58:21 InnoDB: The InnoDB memory heap is disabled
150530 15:58:21 InnoDB: Mutexes and rw_locks use Windows interlocked functions
150530 15:58:21 InnoDB: Compressed tables use zlib 1.2.3
150530 15:58:21 InnoDB: Initializing buffer pool, size = 128.0M
150530 15:58:21 InnoDB: Completed initialization of buffer pool
150530 15:58:21 InnoDB: highest supported file format is Barracuda.
InnoDB: The log sequence number in ibdata files does not match
InnoDB: the log sequence number in the ib_logfiles!
150530 15:58:21  InnoDB: Database was not shut down normally!
InnoDB: Starting crash recovery.
InnoDB: Reading tablespace information from the .ibd files...
InnoDB: Restoring possible half-written data pages from the doublewrite
InnoDB: buffer...
150530 15:58:22  InnoDB: Waiting for the background threads to start
150530 15:58:23 InnoDB: 1.1.8 started; log sequence number 6473486
150530 16:01:57 [Note] Plugin 'FEDERATED' is disabled.
150530 16:01:57 InnoDB: The InnoDB memory heap is disabled
150530 16:01:57 InnoDB: Mutexes and rw_locks use Windows interlocked functions
150530 16:01:57 InnoDB: Compressed tables use zlib 1.2.3
150530 16:01:57 InnoDB: Initializing buffer pool, size = 128.0M
150530 16:01:57 InnoDB: Completed initialization of buffer pool
150530 16:01:58 InnoDB: highest supported file format is Barracuda.
InnoDB: The log sequence number in ibdata files does not match
InnoDB: the log sequence number in the ib_logfiles!
150530 16:01:58  InnoDB: Database was not shut down normally!
InnoDB: Starting crash recovery.
InnoDB: Reading tablespace information from the .ibd files...
InnoDB: Restoring possible half-written data pages from the doublewrite
InnoDB: buffer...
150530 16:01:59  InnoDB: Waiting for the background threads to start
150530 16:02:00 InnoDB: 1.1.8 started; log sequence number 6473496
150530 21:26:46 [Note] Plugin 'FEDERATED' is disabled.
150530 21:26:46 InnoDB: The InnoDB memory heap is disabled
150530 21:26:46 InnoDB: Mutexes and rw_locks use Windows interlocked functions
150530 21:26:46 InnoDB: Compressed tables use zlib 1.2.3
150530 21:26:46 InnoDB: Initializing buffer pool, size = 128.0M
150530 21:26:46 InnoDB: Completed initialization of buffer pool
150530 21:26:46 InnoDB: highest supported file format is Barracuda.
InnoDB: The log sequence number in ibdata files does not match
InnoDB: the log sequence number in the ib_logfiles!
150530 21:26:46  InnoDB: Database was not shut down normally!
InnoDB: Starting crash recovery.
InnoDB: Reading tablespace information from the .ibd files...
InnoDB: Restoring possible half-written data pages from the doublewrite
InnoDB: buffer...
150530 21:26:47  InnoDB: Waiting for the background threads to start
150530 21:26:48 InnoDB: 1.1.8 started; log sequence number 6881671
